Update Screenshots	UNKNOWN STEP	﻿2026-03-22T14:44:17.8049622Z Current runner version: '2.332.0'
Update Screenshots	UNKNOWN STEP	2026-03-22T14:44:17.8073113Z ##[group]Runner Image Provisioner
Update Screenshots	UNKNOWN STEP	2026-03-22T14:44:17.8073898Z Hosted Compute Agent
Update Screenshots	UNKNOWN STEP	2026-03-22T14:44:17.8074548Z Version: 20260213.493
Update Screenshots	UNKNOWN STEP	2026-03-22T14:44:17.8075166Z Commit: 5c115507f6dd24b8de37d8bbe0bb4509d0cc0fa3
Update Screenshots	UNKNOWN STEP	2026-03-22T14:44:17.8075831Z Build Date: 2026-02-13T00:28:41Z
Update Screenshots	UNKNOWN STEP	2026-03-22T14:44:17.8076541Z Worker ID: {f6521d42-50ee-4fe7-b90e-b57394c251fa}
Update Screenshots	UNKNOWN STEP	2026-03-22T14:44:17.8077186Z Azure Region: westus2
Update Screenshots	UNKNOWN STEP	2026-03-22T14:44:17.8077724Z ##[endgroup]
Update Screenshots	UNKNOWN STEP	2026-03-22T14:44:17.8079423Z ##[group]Operating System
Update Screenshots	UNKNOWN STEP	2026-03-22T14:44:17.8080088Z Ubuntu
Update Screenshots	UNKNOWN STEP	2026-03-22T14:44:17.8080516Z 24.04.3
Update Screenshots	UNKNOWN STEP	2026-03-22T14:44:17.8081011Z LTS
Update Screenshots	UNKNOWN STEP	2026-03-22T14:44:17.8081482Z ##[endgroup]
Update Screenshots	UNKNOWN STEP	2026-03-22T14:44:17.8081936Z ##[group]Runner Image
Update Screenshots	UNKNOWN STEP	2026-03-22T14:44:17.8082557Z Image: ubuntu-24.04
Update Screenshots	UNKNOWN STEP	2026-03-22T14:44:17.8083096Z Version: 20260309.50.1
Update Screenshots	UNKNOWN STEP	2026-03-22T14:44:17.8084222Z Included Software: https://github.com/actions/runner-images/blob/ubuntu24/20260309.50/images/ubuntu/Ubuntu2404-Readme.md
Update Screenshots	UNKNOWN STEP	2026-03-22T14:44:17.8086100Z Image Release: https://github.com/actions/runner-images/releases/tag/ubuntu24%2F20260309.50
Update Screenshots	UNKNOWN STEP	2026-03-22T14:44:17.8086980Z ##[endgroup]
Update Screenshots	UNKNOWN STEP	2026-03-22T14:44:17.8088368Z ##[group]GITHUB_TOKEN Permissions
Update Screenshots	UNKNOWN STEP	2026-03-22T14:44:17.8090404Z Contents: write
Update Screenshots	UNKNOWN STEP	2026-03-22T14:44:17.8090890Z Metadata: read
Update Screenshots	UNKNOWN STEP	2026-03-22T14:44:17.8091476Z ##[endgroup]
Update Screenshots	UNKNOWN STEP	2026-03-22T14:44:17.8093367Z Secret source: Actions
Update Screenshots	UNKNOWN STEP	2026-03-22T14:44:17.8094056Z Prepare workflow directory
Update Screenshots	UNKNOWN STEP	2026-03-22T14:44:17.8409487Z Prepare all required actions
Update Screenshots	UNKNOWN STEP	2026-03-22T14:44:17.8446719Z Getting action download info
Update Screenshots	UNKNOWN STEP	2026-03-22T14:44:18.3491731Z Download action repository 'actions/checkout@v4' (SHA:34e114876b0b11c390a56381ad16ebd13914f8d5)
Update Screenshots	UNKNOWN STEP	2026-03-22T14:44:18.4780409Z Download action repository 'dtolnay/rust-toolchain@stable' (SHA:631a55b12751854ce901bb631d5902ceb48146f7)
Update Screenshots	UNKNOWN STEP	2026-03-22T14:44:18.7900668Z Download action repository 'actions/setup-node@v4' (SHA:49933ea5288caeca8642d1e84afbd3f7d6820020)
Update Screenshots	UNKNOWN STEP	2026-03-22T14:44:19.0174005Z Complete job name: Update Screenshots
Update Screenshots	UNKNOWN STEP	2026-03-22T14:44:19.0925324Z ##[group]Run actions/checkout@v4
Update Screenshots	UNKNOWN STEP	2026-03-22T14:44:19.0926229Z with:
Update Screenshots	UNKNOWN STEP	2026-03-22T14:44:19.0926619Z   repository: link-assistant/calculator
Update Screenshots	UNKNOWN STEP	2026-03-22T14:44:19.0927276Z   token: ***
Update Screenshots	UNKNOWN STEP	2026-03-22T14:44:19.0927645Z   ssh-strict: true
Update Screenshots	UNKNOWN STEP	2026-03-22T14:44:19.0928185Z   ssh-user: git
Update Screenshots	UNKNOWN STEP	2026-03-22T14:44:19.0928564Z   persist-credentials: true
Update Screenshots	UNKNOWN STEP	2026-03-22T14:44:19.0928988Z   clean: true
Update Screenshots	UNKNOWN STEP	2026-03-22T14:44:19.0929360Z   sparse-checkout-cone-mode: true
Update Screenshots	UNKNOWN STEP	2026-03-22T14:44:19.0929807Z   fetch-depth: 1
Update Screenshots	UNKNOWN STEP	2026-03-22T14:44:19.0930162Z   fetch-tags: false
Update Screenshots	UNKNOWN STEP	2026-03-22T14:44:19.0930540Z   show-progress: true
Update Screenshots	UNKNOWN STEP	2026-03-22T14:44:19.0930910Z   lfs: false
Update Screenshots	UNKNOWN STEP	2026-03-22T14:44:19.0931252Z   submodules: false
Update Screenshots	UNKNOWN STEP	2026-03-22T14:44:19.0931631Z   set-safe-directory: true
Update Screenshots	UNKNOWN STEP	2026-03-22T14:44:19.0932286Z ##[endgroup]
Update Screenshots	UNKNOWN STEP	2026-03-22T14:44:19.2002978Z Syncing repository: link-assistant/calculator
Update Screenshots	UNKNOWN STEP	2026-03-22T14:44:19.2004673Z ##[group]Getting Git version info
Update Screenshots	UNKNOWN STEP	2026-03-22T14:44:19.2005411Z Working directory is '/home/runner/work/calculator/calculator'
Update Screenshots	UNKNOWN STEP	2026-03-22T14:44:19.2006356Z [command]/usr/bin/git version
Update Screenshots	UNKNOWN STEP	2026-03-22T14:44:19.2089160Z git version 2.53.0
Update Screenshots	UNKNOWN STEP	2026-03-22T14:44:19.2116090Z ##[endgroup]
Update Screenshots	UNKNOWN STEP	2026-03-22T14:44:19.2133062Z Temporarily overriding HOME='/home/runner/work/_temp/2fbaa26e-8fcf-4056-a5a2-c6ae2981b04e' before making global git config changes
Update Screenshots	UNKNOWN STEP	2026-03-22T14:44:19.2135421Z Adding repository directory to the temporary git global config as a safe directory
Update Screenshots	UNKNOWN STEP	2026-03-22T14:44:19.2146924Z [command]/usr/bin/git config --global --add safe.directory /home/runner/work/calculator/calculator
Update Screenshots	UNKNOWN STEP	2026-03-22T14:44:19.2189608Z Deleting the contents of '/home/runner/work/calculator/calculator'
Update Screenshots	UNKNOWN STEP	2026-03-22T14:44:19.2193686Z ##[group]Initializing the repository
Update Screenshots	UNKNOWN STEP	2026-03-22T14:44:19.2198809Z [command]/usr/bin/git init /home/runner/work/calculator/calculator
Update Screenshots	UNKNOWN STEP	2026-03-22T14:44:19.2311195Z hint: Using 'master' as the name for the initial branch. This default branch name
Update Screenshots	UNKNOWN STEP	2026-03-22T14:44:19.2312642Z hint: will change to "main" in Git 3.0. To configure the initial branch name
Update Screenshots	UNKNOWN STEP	2026-03-22T14:44:19.2313931Z hint: to use in all of your new repositories, which will suppress this warning,
Update Screenshots	UNKNOWN STEP	2026-03-22T14:44:19.2315167Z hint: call:
Update Screenshots	UNKNOWN STEP	2026-03-22T14:44:19.2315519Z hint:
Update Screenshots	UNKNOWN STEP	2026-03-22T14:44:19.2316060Z hint: 	git config --global init.defaultBranch <name>
Update Screenshots	UNKNOWN STEP	2026-03-22T14:44:19.2317089Z hint:
Update Screenshots	UNKNOWN STEP	2026-03-22T14:44:19.2318281Z hint: Names commonly chosen instead of 'master' are 'main', 'trunk' and
Update Screenshots	UNKNOWN STEP	2026-03-22T14:44:19.2319957Z hint: 'development'. The just-created branch can be renamed via this command:
Update Screenshots	UNKNOWN STEP	2026-03-22T14:44:19.2321218Z hint:
Update Screenshots	UNKNOWN STEP	2026-03-22T14:44:19.2321958Z hint: 	git branch -m <name>
Update Screenshots	UNKNOWN STEP	2026-03-22T14:44:19.2322751Z hint:
Update Screenshots	UNKNOWN STEP	2026-03-22T14:44:19.2323729Z hint: Disable this message with "git config set advice.defaultBranchName false"
Update Screenshots	UNKNOWN STEP	2026-03-22T14:44:19.2325430Z Initialized empty Git repository in /home/runner/work/calculator/calculator/.git/
Update Screenshots	UNKNOWN STEP	2026-03-22T14:44:19.2329442Z [command]/usr/bin/git remote add origin https://github.com/link-assistant/calculator
Update Screenshots	UNKNOWN STEP	2026-03-22T14:44:19.2364670Z ##[endgroup]
Update Screenshots	UNKNOWN STEP	2026-03-22T14:44:19.2365876Z ##[group]Disabling automatic garbage collection
Update Screenshots	UNKNOWN STEP	2026-03-22T14:44:19.2370003Z [command]/usr/bin/git config --local gc.auto 0
Update Screenshots	UNKNOWN STEP	2026-03-22T14:44:19.2400914Z ##[endgroup]
Update Screenshots	UNKNOWN STEP	2026-03-22T14:44:19.2402606Z ##[group]Setting up auth
Update Screenshots	UNKNOWN STEP	2026-03-22T14:44:19.2408883Z [command]/usr/bin/git config --local --name-only --get-regexp core\.sshCommand
Update Screenshots	UNKNOWN STEP	2026-03-22T14:44:19.2442165Z [command]/usr/bin/git submodule foreach --recursive sh -c "git config --local --name-only --get-regexp 'core\.sshCommand' && git config --local --unset-all 'core.sshCommand' || :"
Update Screenshots	UNKNOWN STEP	2026-03-22T14:44:19.2788759Z [command]/usr/bin/git config --local --name-only --get-regexp http\.https\:\/\/github\.com\/\.extraheader
Update Screenshots	UNKNOWN STEP	2026-03-22T14:44:19.2821005Z [command]/usr/bin/git submodule foreach --recursive sh -c "git config --local --name-only --get-regexp 'http\.https\:\/\/github\.com\/\.extraheader' && git config --local --unset-all 'http.https://github.com/.extraheader' || :"
Update Screenshots	UNKNOWN STEP	2026-03-22T14:44:19.3054862Z [command]/usr/bin/git config --local --name-only --get-regexp ^includeIf\.gitdir:
Update Screenshots	UNKNOWN STEP	2026-03-22T14:44:19.3092634Z [command]/usr/bin/git submodule foreach --recursive git config --local --show-origin --name-only --get-regexp remote.origin.url
Update Screenshots	UNKNOWN STEP	2026-03-22T14:44:19.3327712Z [command]/usr/bin/git config --local http.https://github.com/.extraheader AUTHORIZATION: basic ***
Update Screenshots	UNKNOWN STEP	2026-03-22T14:44:19.3362626Z ##[endgroup]
Update Screenshots	UNKNOWN STEP	2026-03-22T14:44:19.3363571Z ##[group]Fetching the repository
Update Screenshots	UNKNOWN STEP	2026-03-22T14:44:19.3371227Z [command]/usr/bin/git -c protocol.version=2 fetch --no-tags --prune --no-recurse-submodules --depth=1 origin +98ad7f0b0e6b16ffe3b537c58e8de0f94bd6d4f9:refs/remotes/origin/main
Update Screenshots	UNKNOWN STEP	2026-03-22T14:44:19.8960702Z From https://github.com/link-assistant/calculator
Update Screenshots	UNKNOWN STEP	2026-03-22T14:44:19.8963830Z  * [new ref]         98ad7f0b0e6b16ffe3b537c58e8de0f94bd6d4f9 -> origin/main
Update Screenshots	UNKNOWN STEP	2026-03-22T14:44:19.8999362Z ##[endgroup]
Update Screenshots	UNKNOWN STEP	2026-03-22T14:44:19.9001319Z ##[group]Determining the checkout info
Update Screenshots	UNKNOWN STEP	2026-03-22T14:44:19.9003630Z ##[endgroup]
Update Screenshots	UNKNOWN STEP	2026-03-22T14:44:19.9008046Z [command]/usr/bin/git sparse-checkout disable
Update Screenshots	UNKNOWN STEP	2026-03-22T14:44:19.9055688Z [command]/usr/bin/git config --local --unset-all extensions.worktreeConfig
Update Screenshots	UNKNOWN STEP	2026-03-22T14:44:19.9087593Z ##[group]Checking out the ref
Update Screenshots	UNKNOWN STEP	2026-03-22T14:44:19.9093618Z [command]/usr/bin/git checkout --progress --force -B main refs/remotes/origin/main
Update Screenshots	UNKNOWN STEP	2026-03-22T14:44:19.9636815Z Switched to a new branch 'main'
Update Screenshots	UNKNOWN STEP	2026-03-22T14:44:19.9639581Z branch 'main' set up to track 'origin/main'.
Update Screenshots	UNKNOWN STEP	2026-03-22T14:44:19.9651517Z ##[endgroup]
Update Screenshots	UNKNOWN STEP	2026-03-22T14:44:19.9691351Z [command]/usr/bin/git log -1 --format=%H
Update Screenshots	UNKNOWN STEP	2026-03-22T14:44:19.9715611Z 98ad7f0b0e6b16ffe3b537c58e8de0f94bd6d4f9
Update Screenshots	UNKNOWN STEP	2026-03-22T14:44:20.0281932Z ##[group]Run dtolnay/rust-toolchain@stable
Update Screenshots	UNKNOWN STEP	2026-03-22T14:44:20.0283014Z with:
Update Screenshots	UNKNOWN STEP	2026-03-22T14:44:20.0283686Z   toolchain: stable
Update Screenshots	UNKNOWN STEP	2026-03-22T14:44:20.0284435Z ##[endgroup]
Update Screenshots	UNKNOWN STEP	2026-03-22T14:44:20.0516133Z ##[group]Run : parse toolchain version
Update Screenshots	UNKNOWN STEP	2026-03-22T14:44:20.0517247Z [36;1m: parse toolchain version[0m
Update Screenshots	UNKNOWN STEP	2026-03-22T14:44:20.0518384Z [36;1mif [[ -z $toolchain ]]; then[0m
Update Screenshots	UNKNOWN STEP	2026-03-22T14:44:20.0520412Z [36;1m  # GitHub does not enforce `required: true` inputs itself. https://github.com/actions/runner/issues/1070[0m
Update Screenshots	UNKNOWN STEP	2026-03-22T14:44:20.0522336Z [36;1m  echo "'toolchain' is a required input" >&2[0m
Update Screenshots	UNKNOWN STEP	2026-03-22T14:44:20.0523409Z [36;1m  exit 1[0m
Update Screenshots	UNKNOWN STEP	2026-03-22T14:44:20.0524564Z [36;1melif [[ $toolchain =~ ^stable' '[0-9]+' '(year|month|week|day)s?' 'ago$ ]]; then[0m
Update Screenshots	UNKNOWN STEP	2026-03-22T14:44:20.0526015Z [36;1m  if [[ Linux == macOS ]]; then[0m
Update Screenshots	UNKNOWN STEP	2026-03-22T14:44:20.0528034Z [36;1m    echo "toolchain=1.$((($(date -v-$(sed 's/stable \([0-9]*\) \(.\).*/\1\2/' <<< $toolchain) +%s)/60/60/24-16569)/7/6))" >> $GITHUB_OUTPUT[0m
Update Screenshots	UNKNOWN STEP	2026-03-22T14:44:20.0529875Z [36;1m  else[0m
Update Screenshots	UNKNOWN STEP	2026-03-22T14:44:20.0531294Z [36;1m    echo "toolchain=1.$((($(date --date "${toolchain#stable }" +%s)/60/60/24-16569)/7/6))" >> $GITHUB_OUTPUT[0m
Update Screenshots	UNKNOWN STEP	2026-03-22T14:44:20.0532942Z [36;1m  fi[0m
Update Screenshots	UNKNOWN STEP	2026-03-22T14:44:20.0534045Z [36;1melif [[ $toolchain =~ ^stable' 'minus' '[0-9]+' 'releases?$ ]]; then[0m
Update Screenshots	UNKNOWN STEP	2026-03-22T14:44:20.0535919Z [36;1m  echo "toolchain=1.$((($(date +%s)/60/60/24-16569)/7/6-${toolchain//[^0-9]/}))" >> $GITHUB_OUTPUT[0m
Update Screenshots	UNKNOWN STEP	2026-03-22T14:44:20.0537559Z [36;1melif [[ $toolchain =~ ^1\.[0-9]+$ ]]; then[0m
Update Screenshots	UNKNOWN STEP	2026-03-22T14:44:20.0539918Z [36;1m  echo "toolchain=1.$((i=${toolchain#1.}, c=($(date +%s)/60/60/24-16569)/7/6, i+9*i*(10*i<=c)+90*i*(100*i<=c)))" >> $GITHUB_OUTPUT[0m
Update Screenshots	UNKNOWN STEP	2026-03-22T14:44:20.0541721Z [36;1melse[0m
Update Screenshots	UNKNOWN STEP	2026-03-22T14:44:20.0542561Z [36;1m  echo "toolchain=$toolchain" >> $GITHUB_OUTPUT[0m
Update Screenshots	UNKNOWN STEP	2026-03-22T14:44:20.0543622Z [36;1mfi[0m
Update Screenshots	UNKNOWN STEP	2026-03-22T14:44:20.0598042Z shell: /usr/bin/bash --noprofile --norc -e -o pipefail {0}
Update Screenshots	UNKNOWN STEP	2026-03-22T14:44:20.0599286Z env:
Update Screenshots	UNKNOWN STEP	2026-03-22T14:44:20.0599914Z   toolchain: stable
Update Screenshots	UNKNOWN STEP	2026-03-22T14:44:20.0600617Z ##[endgroup]
Update Screenshots	UNKNOWN STEP	2026-03-22T14:44:20.0798250Z ##[group]Run : construct rustup command line
Update Screenshots	UNKNOWN STEP	2026-03-22T14:44:20.0799391Z [36;1m: construct rustup command line[0m
Update Screenshots	UNKNOWN STEP	2026-03-22T14:44:20.0800927Z [36;1mecho "targets=$(for t in ${targets//,/ }; do echo -n ' --target' $t; done)" >> $GITHUB_OUTPUT[0m
Update Screenshots	UNKNOWN STEP	2026-03-22T14:44:20.0803186Z [36;1mecho "components=$(for c in ${components//,/ }; do echo -n ' --component' $c; done)" >> $GITHUB_OUTPUT[0m
Update Screenshots	UNKNOWN STEP	2026-03-22T14:44:20.0804950Z [36;1mecho "downgrade=" >> $GITHUB_OUTPUT[0m
Update Screenshots	UNKNOWN STEP	2026-03-22T14:44:20.0853204Z shell: /usr/bin/bash --noprofile --norc -e -o pipefail {0}
Update Screenshots	UNKNOWN STEP	2026-03-22T14:44:20.0854349Z env:
Update Screenshots	UNKNOWN STEP	2026-03-22T14:44:20.0854961Z   targets: 
Update Screenshots	UNKNOWN STEP	2026-03-22T14:44:20.0855605Z   components: 
Update Screenshots	UNKNOWN STEP	2026-03-22T14:44:20.0856287Z ##[endgroup]
Update Screenshots	UNKNOWN STEP	2026-03-22T14:44:20.0986033Z ##[group]Run : set $CARGO_HOME
Update Screenshots	UNKNOWN STEP	2026-03-22T14:44:20.0986878Z [36;1m: set $CARGO_HOME[0m
Update Screenshots	UNKNOWN STEP	2026-03-22T14:44:20.0988188Z [36;1mecho CARGO_HOME=${CARGO_HOME:-"$HOME/.cargo"} >> $GITHUB_ENV[0m
Update Screenshots	UNKNOWN STEP	2026-03-22T14:44:20.1035282Z shell: /usr/bin/bash --noprofile --norc -e -o pipefail {0}
Update Screenshots	UNKNOWN STEP	2026-03-22T14:44:20.1036410Z ##[endgroup]
Update Screenshots	UNKNOWN STEP	2026-03-22T14:44:20.1162982Z ##[group]Run : install rustup if needed
Update Screenshots	UNKNOWN STEP	2026-03-22T14:44:20.1163956Z [36;1m: install rustup if needed[0m
Update Screenshots	UNKNOWN STEP	2026-03-22T14:44:20.1164951Z [36;1mif ! command -v rustup &>/dev/null; then[0m
Update Screenshots	UNKNOWN STEP	2026-03-22T14:44:20.1167521Z [36;1m  curl --proto '=https' --tlsv1.2 --retry 10 --retry-connrefused --location --silent --show-error --fail https://sh.rustup.rs | sh -s -- --default-toolchain none -y[0m
Update Screenshots	UNKNOWN STEP	2026-03-22T14:44:20.1170267Z [36;1m  echo "$CARGO_HOME/bin" >> $GITHUB_PATH[0m
Update Screenshots	UNKNOWN STEP	2026-03-22T14:44:20.1171245Z [36;1mfi[0m
Update Screenshots	UNKNOWN STEP	2026-03-22T14:44:20.1217043Z shell: /usr/bin/bash --noprofile --norc -e -o pipefail {0}
Update Screenshots	UNKNOWN STEP	2026-03-22T14:44:20.1218408Z env:
Update Screenshots	UNKNOWN STEP	2026-03-22T14:44:20.1219039Z   CARGO_HOME: /home/runner/.cargo
Update Screenshots	UNKNOWN STEP	2026-03-22T14:44:20.1219870Z ##[endgroup]
Update Screenshots	UNKNOWN STEP	2026-03-22T14:44:20.1349180Z ##[group]Run rustup toolchain install stable --profile minimal --no-self-update
Update Screenshots	UNKNOWN STEP	2026-03-22T14:44:20.1351052Z [36;1mrustup toolchain install stable --profile minimal --no-self-update[0m
Update Screenshots	UNKNOWN STEP	2026-03-22T14:44:20.1397492Z shell: /usr/bin/bash --noprofile --norc -e -o pipefail {0}
Update Screenshots	UNKNOWN STEP	2026-03-22T14:44:20.1398926Z env:
Update Screenshots	UNKNOWN STEP	2026-03-22T14:44:20.1399578Z   CARGO_HOME: /home/runner/.cargo
Update Screenshots	UNKNOWN STEP	2026-03-22T14:44:20.1400457Z   RUSTUP_PERMIT_COPY_RENAME: 1
Update Screenshots	UNKNOWN STEP	2026-03-22T14:44:20.1401457Z ##[endgroup]
Update Screenshots	UNKNOWN STEP	2026-03-22T14:44:20.3144157Z info: syncing channel updates for 'stable-x86_64-unknown-linux-gnu'
Update Screenshots	UNKNOWN STEP	2026-03-22T14:44:20.3902812Z 
Update Screenshots	UNKNOWN STEP	2026-03-22T14:44:20.3996678Z   stable-x86_64-unknown-linux-gnu unchanged - rustc 1.94.0 (4a4ef493e 2026-03-02)
Update Screenshots	UNKNOWN STEP	2026-03-22T14:44:20.4016643Z 
Update Screenshots	UNKNOWN STEP	2026-03-22T14:44:20.4060824Z ##[group]Run rustup default stable
Update Screenshots	UNKNOWN STEP	2026-03-22T14:44:20.4061726Z [36;1mrustup default stable[0m
Update Screenshots	UNKNOWN STEP	2026-03-22T14:44:20.4112218Z shell: /usr/bin/bash --noprofile --norc -e -o pipefail {0}
Update Screenshots	UNKNOWN STEP	2026-03-22T14:44:20.4113313Z env:
Update Screenshots	UNKNOWN STEP	2026-03-22T14:44:20.4113962Z   CARGO_HOME: /home/runner/.cargo
Update Screenshots	UNKNOWN STEP	2026-03-22T14:44:20.4114782Z ##[endgroup]
Update Screenshots	UNKNOWN STEP	2026-03-22T14:44:20.4248514Z info: using existing install for 'stable-x86_64-unknown-linux-gnu'
Update Screenshots	UNKNOWN STEP	2026-03-22T14:44:20.4558499Z info: default toolchain set to 'stable-x86_64-unknown-linux-gnu'
Update Screenshots	UNKNOWN STEP	2026-03-22T14:44:20.4560222Z 
Update Screenshots	UNKNOWN STEP	2026-03-22T14:44:20.4646257Z   stable-x86_64-unknown-linux-gnu unchanged - rustc 1.94.0 (4a4ef493e 2026-03-02)
Update Screenshots	UNKNOWN STEP	2026-03-22T14:44:20.4648586Z 
Update Screenshots	UNKNOWN STEP	2026-03-22T14:44:20.4712518Z ##[group]Run : create cachekey
Update Screenshots	UNKNOWN STEP	2026-03-22T14:44:20.4713358Z [36;1m: create cachekey[0m
Update Screenshots	UNKNOWN STEP	2026-03-22T14:44:20.4715041Z [36;1mDATE=$(rustc +stable --version --verbose | sed -ne 's/^commit-date: \(20[0-9][0-9]\)-\([01][0-9]\)-\([0-3][0-9]\)$/\1\2\3/p')[0m
Update Screenshots	UNKNOWN STEP	2026-03-22T14:44:20.4717263Z [36;1mHASH=$(rustc +stable --version --verbose | sed -ne 's/^commit-hash: //p')[0m
Update Screenshots	UNKNOWN STEP	2026-03-22T14:44:20.4719220Z [36;1mecho "cachekey=$(echo $DATE$HASH | head -c12)" >> $GITHUB_OUTPUT[0m
Update Screenshots	UNKNOWN STEP	2026-03-22T14:44:20.4769840Z shell: /usr/bin/bash --noprofile --norc -e -o pipefail {0}
Update Screenshots	UNKNOWN STEP	2026-03-22T14:44:20.4770937Z env:
Update Screenshots	UNKNOWN STEP	2026-03-22T14:44:20.4771550Z   CARGO_HOME: /home/runner/.cargo
Update Screenshots	UNKNOWN STEP	2026-03-22T14:44:20.4772357Z ##[endgroup]
Update Screenshots	UNKNOWN STEP	2026-03-22T14:44:20.5251526Z ##[group]Run : disable incremental compilation
Update Screenshots	UNKNOWN STEP	2026-03-22T14:44:20.5252600Z [36;1m: disable incremental compilation[0m
Update Screenshots	UNKNOWN STEP	2026-03-22T14:44:20.5253633Z [36;1mif [ -z "${CARGO_INCREMENTAL+set}" ]; then[0m
Update Screenshots	UNKNOWN STEP	2026-03-22T14:44:20.5254709Z [36;1m  echo CARGO_INCREMENTAL=0 >> $GITHUB_ENV[0m
Update Screenshots	UNKNOWN STEP	2026-03-22T14:44:20.5255675Z [36;1mfi[0m
Update Screenshots	UNKNOWN STEP	2026-03-22T14:44:20.5305516Z shell: /usr/bin/bash --noprofile --norc -e -o pipefail {0}
Update Screenshots	UNKNOWN STEP	2026-03-22T14:44:20.5306572Z env:
Update Screenshots	UNKNOWN STEP	2026-03-22T14:44:20.5307173Z   CARGO_HOME: /home/runner/.cargo
Update Screenshots	UNKNOWN STEP	2026-03-22T14:44:20.5308237Z ##[endgroup]
Update Screenshots	UNKNOWN STEP	2026-03-22T14:44:20.5412173Z ##[group]Run : enable colors in Cargo output
Update Screenshots	UNKNOWN STEP	2026-03-22T14:44:20.5412776Z [36;1m: enable colors in Cargo output[0m
Update Screenshots	UNKNOWN STEP	2026-03-22T14:44:20.5413362Z [36;1mif [ -z "${CARGO_TERM_COLOR+set}" ]; then[0m
Update Screenshots	UNKNOWN STEP	2026-03-22T14:44:20.5414003Z [36;1m  echo CARGO_TERM_COLOR=always >> $GITHUB_ENV[0m
Update Screenshots	UNKNOWN STEP	2026-03-22T14:44:20.5414557Z [36;1mfi[0m
Update Screenshots	UNKNOWN STEP	2026-03-22T14:44:20.5459312Z shell: /usr/bin/bash --noprofile --norc -e -o pipefail {0}
Update Screenshots	UNKNOWN STEP	2026-03-22T14:44:20.5459930Z env:
Update Screenshots	UNKNOWN STEP	2026-03-22T14:44:20.5460340Z   CARGO_HOME: /home/runner/.cargo
Update Screenshots	UNKNOWN STEP	2026-03-22T14:44:20.5460840Z   CARGO_INCREMENTAL: 0
Update Screenshots	UNKNOWN STEP	2026-03-22T14:44:20.5461265Z ##[endgroup]
Update Screenshots	UNKNOWN STEP	2026-03-22T14:44:20.5558430Z ##[group]Run : enable Cargo sparse registry
Update Screenshots	UNKNOWN STEP	2026-03-22T14:44:20.5558992Z [36;1m: enable Cargo sparse registry[0m
Update Screenshots	UNKNOWN STEP	2026-03-22T14:44:20.5559587Z [36;1m# implemented in 1.66, stabilized in 1.68, made default in 1.70[0m
Update Screenshots	UNKNOWN STEP	2026-03-22T14:44:20.5560630Z [36;1mif [ -z "${CARGO_REGISTRIES_CRATES_IO_PROTOCOL+set}" -o -f "/home/runner/work/_temp"/.implicit_cargo_registries_crates_io_protocol ]; then[0m
Update Screenshots	UNKNOWN STEP	2026-03-22T14:44:20.5561687Z [36;1m  if rustc +stable --version --verbose | grep -q '^release: 1\.6[89]\.'; then[0m
Update Screenshots	UNKNOWN STEP	2026-03-22T14:44:20.5562535Z [36;1m    touch "/home/runner/work/_temp"/.implicit_cargo_registries_crates_io_protocol || true[0m
Update Screenshots	UNKNOWN STEP	2026-03-22T14:44:20.5563536Z [36;1m    echo CARGO_REGISTRIES_CRATES_IO_PROTOCOL=sparse >> $GITHUB_ENV[0m
Update Screenshots	UNKNOWN STEP	2026-03-22T14:44:20.5564312Z [36;1m  elif rustc +stable --version --verbose | grep -q '^release: 1\.6[67]\.'; then[0m
Update Screenshots	UNKNOWN STEP	2026-03-22T14:44:20.5565203Z [36;1m    touch "/home/runner/work/_temp"/.implicit_cargo_registries_crates_io_protocol || true[0m
Update Screenshots	UNKNOWN STEP	2026-03-22T14:44:20.5566027Z [36;1m    echo CARGO_REGISTRIES_CRATES_IO_PROTOCOL=git >> $GITHUB_ENV[0m
Update Screenshots	UNKNOWN STEP	2026-03-22T14:44:20.5566703Z [36;1m  fi[0m
Update Screenshots	UNKNOWN STEP	2026-03-22T14:44:20.5567056Z [36;1mfi[0m
Update Screenshots	UNKNOWN STEP	2026-03-22T14:44:20.5611487Z shell: /usr/bin/bash --noprofile --norc -e -o pipefail {0}
Update Screenshots	UNKNOWN STEP	2026-03-22T14:44:20.5612030Z env:
Update Screenshots	UNKNOWN STEP	2026-03-22T14:44:20.5612389Z   CARGO_HOME: /home/runner/.cargo
Update Screenshots	UNKNOWN STEP	2026-03-22T14:44:20.5612820Z   CARGO_INCREMENTAL: 0
Update Screenshots	UNKNOWN STEP	2026-03-22T14:44:20.5613207Z   CARGO_TERM_COLOR: always
Update Screenshots	UNKNOWN STEP	2026-03-22T14:44:20.5613578Z ##[endgroup]
Update Screenshots	UNKNOWN STEP	2026-03-22T14:44:20.6003241Z ##[group]Run : work around spurious network errors in curl 8.0
Update Screenshots	UNKNOWN STEP	2026-03-22T14:44:20.6003946Z [36;1m: work around spurious network errors in curl 8.0[0m
Update Screenshots	UNKNOWN STEP	2026-03-22T14:44:20.6004970Z [36;1m# https://rust-lang.zulipchat.com/#narrow/stream/246057-t-cargo/topic/timeout.20investigation[0m
Update Screenshots	UNKNOWN STEP	2026-03-22T14:44:20.6005880Z [36;1mif rustc +stable --version --verbose | grep -q '^release: 1\.7[01]\.'; then[0m
Update Screenshots	UNKNOWN STEP	2026-03-22T14:44:20.6006580Z [36;1m  echo CARGO_HTTP_MULTIPLEXING=false >> $GITHUB_ENV[0m
Update Screenshots	UNKNOWN STEP	2026-03-22T14:44:20.6007074Z [36;1mfi[0m
Update Screenshots	UNKNOWN STEP	2026-03-22T14:44:20.6056236Z shell: /usr/bin/bash --noprofile --norc -e -o pipefail {0}
Update Screenshots	UNKNOWN STEP	2026-03-22T14:44:20.6056782Z env:
Update Screenshots	UNKNOWN STEP	2026-03-22T14:44:20.6057125Z   CARGO_HOME: /home/runner/.cargo
Update Screenshots	UNKNOWN STEP	2026-03-22T14:44:20.6057558Z   CARGO_INCREMENTAL: 0
Update Screenshots	UNKNOWN STEP	2026-03-22T14:44:20.6058260Z   CARGO_TERM_COLOR: always
Update Screenshots	UNKNOWN STEP	2026-03-22T14:44:20.6058663Z ##[endgroup]
Update Screenshots	UNKNOWN STEP	2026-03-22T14:44:20.6325609Z ##[group]Run rustc +stable --version --verbose
Update Screenshots	UNKNOWN STEP	2026-03-22T14:44:20.6326487Z [36;1mrustc +stable --version --verbose[0m
Update Screenshots	UNKNOWN STEP	2026-03-22T14:44:20.6379519Z shell: /usr/bin/bash --noprofile --norc -e -o pipefail {0}
Update Screenshots	UNKNOWN STEP	2026-03-22T14:44:20.6380058Z env:
Update Screenshots	UNKNOWN STEP	2026-03-22T14:44:20.6380423Z   CARGO_HOME: /home/runner/.cargo
Update Screenshots	UNKNOWN STEP	2026-03-22T14:44:20.6380937Z   CARGO_INCREMENTAL: 0
Update Screenshots	UNKNOWN STEP	2026-03-22T14:44:20.6381336Z   CARGO_TERM_COLOR: always
Update Screenshots	UNKNOWN STEP	2026-03-22T14:44:20.6381738Z ##[endgroup]
Update Screenshots	UNKNOWN STEP	2026-03-22T14:44:20.6576632Z rustc 1.94.0 (4a4ef493e 2026-03-02)
Update Screenshots	UNKNOWN STEP	2026-03-22T14:44:20.6577432Z binary: rustc
Update Screenshots	UNKNOWN STEP	2026-03-22T14:44:20.6578321Z commit-hash: 4a4ef493e3a1488c6e321570238084b38948f6db
Update Screenshots	UNKNOWN STEP	2026-03-22T14:44:20.6579179Z commit-date: 2026-03-02
Update Screenshots	UNKNOWN STEP	2026-03-22T14:44:20.6579852Z host: x86_64-unknown-linux-gnu
Update Screenshots	UNKNOWN STEP	2026-03-22T14:44:20.6580442Z release: 1.94.0
Update Screenshots	UNKNOWN STEP	2026-03-22T14:44:20.6580850Z LLVM version: 21.1.8
Update Screenshots	UNKNOWN STEP	2026-03-22T14:44:20.6660866Z ##[group]Run curl https://rustwasm.github.io/wasm-pack/installer/init.sh -sSf | sh
Update Screenshots	UNKNOWN STEP	2026-03-22T14:44:20.6661743Z [36;1mcurl https://rustwasm.github.io/wasm-pack/installer/init.sh -sSf | sh[0m
Update Screenshots	UNKNOWN STEP	2026-03-22T14:44:20.6709668Z shell: /usr/bin/bash -e {0}
Update Screenshots	UNKNOWN STEP	2026-03-22T14:44:20.6710116Z env:
Update Screenshots	UNKNOWN STEP	2026-03-22T14:44:20.6710469Z   CARGO_HOME: /home/runner/.cargo
Update Screenshots	UNKNOWN STEP	2026-03-22T14:44:20.6710909Z   CARGO_INCREMENTAL: 0
Update Screenshots	UNKNOWN STEP	2026-03-22T14:44:20.6711300Z   CARGO_TERM_COLOR: always
Update Screenshots	UNKNOWN STEP	2026-03-22T14:44:20.6711684Z ##[endgroup]
Update Screenshots	UNKNOWN STEP	2026-03-22T14:44:20.8136539Z info: downloading wasm-pack
Update Screenshots	UNKNOWN STEP	2026-03-22T14:44:21.1213494Z info: successfully installed wasm-pack to `/home/runner/.cargo/bin/wasm-pack`
Update Screenshots	UNKNOWN STEP	2026-03-22T14:44:21.1285312Z ##[group]Run wasm-pack build --target web --out-dir web/public/pkg
Update Screenshots	UNKNOWN STEP	2026-03-22T14:44:21.1285993Z [36;1mwasm-pack build --target web --out-dir web/public/pkg[0m
Update Screenshots	UNKNOWN STEP	2026-03-22T14:44:21.1335743Z shell: /usr/bin/bash -e {0}
Update Screenshots	UNKNOWN STEP	2026-03-22T14:44:21.1336147Z env:
Update Screenshots	UNKNOWN STEP	2026-03-22T14:44:21.1336501Z   CARGO_HOME: /home/runner/.cargo
Update Screenshots	UNKNOWN STEP	2026-03-22T14:44:21.1336917Z   CARGO_INCREMENTAL: 0
Update Screenshots	UNKNOWN STEP	2026-03-22T14:44:21.1337283Z   CARGO_TERM_COLOR: always
Update Screenshots	UNKNOWN STEP	2026-03-22T14:44:21.1337658Z ##[endgroup]
Update Screenshots	UNKNOWN STEP	2026-03-22T14:44:22.6626865Z [INFO]: 🎯  Checking for the Wasm target...
Update Screenshots	UNKNOWN STEP	2026-03-22T14:44:22.9251464Z info: downloading component 'rust-std' for 'wasm32-unknown-unknown'
Update Screenshots	UNKNOWN STEP	2026-03-22T14:44:23.0805148Z info: installing component 'rust-std' for 'wasm32-unknown-unknown'
Update Screenshots	UNKNOWN STEP	2026-03-22T14:44:24.5223386Z [INFO]: 🌀  Compiling to Wasm...
Update Screenshots	UNKNOWN STEP	2026-03-22T14:44:24.7175105Z [1m[92m   Compiling[0m unicode-ident v1.0.22
Update Screenshots	UNKNOWN STEP	2026-03-22T14:44:24.7175968Z [1m[92m   Compiling[0m proc-macro2 v1.0.103
Update Screenshots	UNKNOWN STEP	2026-03-22T14:44:24.7176916Z [1m[92m   Compiling[0m quote v1.0.42
Update Screenshots	UNKNOWN STEP	2026-03-22T14:44:24.7177596Z [1m[92m   Compiling[0m wasm-bindgen-shared v0.2.108
Update Screenshots	UNKNOWN STEP	2026-03-22T14:44:25.1015986Z [1m[92m   Compiling[0m rustversion v1.0.22
Update Screenshots	UNKNOWN STEP	2026-03-22T14:44:25.3746251Z [1m[92m   Compiling[0m bumpalo v3.19.1
Update Screenshots	UNKNOWN STEP	2026-03-22T14:44:25.6469452Z [1m[92m   Compiling[0m serde_core v1.0.228
Update Screenshots	UNKNOWN STEP	2026-03-22T14:44:26.3738438Z [1m[92m   Compiling[0m syn v2.0.111
Update Screenshots	UNKNOWN STEP	2026-03-22T14:44:26.4177169Z [1m[92m   Compiling[0m autocfg v1.5.0
Update Screenshots	UNKNOWN STEP	2026-03-22T14:44:26.8160026Z [1m[92m   Compiling[0m wasm-bindgen v0.2.108
Update Screenshots	UNKNOWN STEP	2026-03-22T14:44:27.3639660Z [1m[92m   Compiling[0m once_cell v1.21.3
Update Screenshots	UNKNOWN STEP	2026-03-22T14:44:27.4218464Z [1m[92m   Compiling[0m cfg-if v1.0.4
Update Screenshots	UNKNOWN STEP	2026-03-22T14:44:27.5481884Z [1m[92m   Compiling[0m serde v1.0.228
Update Screenshots	UNKNOWN STEP	2026-03-22T14:44:27.5886120Z [1m[92m   Compiling[0m num-traits v0.2.19
Update Screenshots	UNKNOWN STEP	2026-03-22T14:44:27.9461611Z [1m[92m   Compiling[0m memchr v2.7.6
Update Screenshots	UNKNOWN STEP	2026-03-22T14:44:28.4656993Z [1m[92m   Compiling[0m zmij v1.0.16
Update Screenshots	UNKNOWN STEP	2026-03-22T14:44:28.6988226Z [1m[92m   Compiling[0m num-integer v0.1.46
Update Screenshots	UNKNOWN STEP	2026-03-22T14:44:28.7638442Z [1m[92m   Compiling[0m aho-corasick v1.1.4
Update Screenshots	UNKNOWN STEP	2026-03-22T14:44:29.4479471Z [1m[92m   Compiling[0m wasm-bindgen-macro-support v0.2.108
Update Screenshots	UNKNOWN STEP	2026-03-22T14:44:29.8501600Z [1m[92m   Compiling[0m slab v0.4.11
Update Screenshots	UNKNOWN STEP	2026-03-22T14:44:29.9667189Z [1m[92m   Compiling[0m rust_decimal v1.40.0
Update Screenshots	UNKNOWN STEP	2026-03-22T14:44:30.3161952Z [1m[92m   Compiling[0m futures-core v0.3.31
Update Screenshots	UNKNOWN STEP	2026-03-22T14:44:30.3980355Z [1m[92m   Compiling[0m regex-syntax v0.8.8
Update Screenshots	UNKNOWN STEP	2026-03-22T14:44:31.2599916Z [1m[92m   Compiling[0m pin-utils v0.1.0
Update Screenshots	UNKNOWN STEP	2026-03-22T14:44:31.2886877Z [1m[92m   Compiling[0m thiserror v1.0.69
Update Screenshots	UNKNOWN STEP	2026-03-22T14:44:31.5840057Z [1m[92m   Compiling[0m serde_json v1.0.149
Update Screenshots	UNKNOWN STEP	2026-03-22T14:44:31.6823204Z [1m[92m   Compiling[0m futures-task v0.3.31
Update Screenshots	UNKNOWN STEP	2026-03-22T14:44:31.7919754Z [1m[92m   Compiling[0m pin-project-lite v0.2.16
Update Screenshots	UNKNOWN STEP	2026-03-22T14:44:31.8294934Z [1m[92m   Compiling[0m futures-util v0.3.31
Update Screenshots	UNKNOWN STEP	2026-03-22T14:44:33.7689658Z [1m[92m   Compiling[0m regex-automata v0.4.13
Update Screenshots	UNKNOWN STEP	2026-03-22T14:44:35.1217647Z [1m[92m   Compiling[0m num-bigint v0.4.6
Update Screenshots	UNKNOWN STEP	2026-03-22T14:44:37.9458474Z [1m[92m   Compiling[0m arrayvec v0.7.6
Update Screenshots	UNKNOWN STEP	2026-03-22T14:44:38.1190156Z [1m[92m   Compiling[0m itoa v1.0.17
Update Screenshots	UNKNOWN STEP	2026-03-22T14:44:40.0798899Z [1m[92m   Compiling[0m regex v1.12.2
Update Screenshots	UNKNOWN STEP	2026-03-22T14:44:40.7042102Z [1m[92m   Compiling[0m lazy_static v1.5.0
Update Screenshots	UNKNOWN STEP	2026-03-22T14:44:41.9454968Z [1m[92m   Compiling[0m wasm-bindgen-macro v0.2.108
Update Screenshots	UNKNOWN STEP	2026-03-22T14:44:41.9455736Z [1m[92m   Compiling[0m serde_derive v1.0.228
Update Screenshots	UNKNOWN STEP	2026-03-22T14:44:41.9464280Z [1m[92m   Compiling[0m thiserror-impl v1.0.69
Update Screenshots	UNKNOWN STEP	2026-03-22T14:44:43.2975627Z [1m[92m   Compiling[0m js-sys v0.3.85
Update Screenshots	UNKNOWN STEP	2026-03-22T14:44:43.3653633Z [1m[92m   Compiling[0m console_error_panic_hook v0.1.7
Update Screenshots	UNKNOWN STEP	2026-03-22T14:44:47.7436320Z [1m[92m   Compiling[0m wasm-bindgen-futures v0.4.58
Update Screenshots	UNKNOWN STEP	2026-03-22T14:44:47.7443788Z [1m[92m   Compiling[0m web-sys v0.3.85
Update Screenshots	UNKNOWN STEP	2026-03-22T14:44:48.0784345Z [1m[92m   Compiling[0m chrono v0.4.43
Update Screenshots	UNKNOWN STEP	2026-03-22T14:44:48.1639666Z [1m[92m   Compiling[0m num-rational v0.4.2
Update Screenshots	UNKNOWN STEP	2026-03-22T14:44:49.1331638Z [1m[92m   Compiling[0m serde-wasm-bindgen v0.6.5
Update Screenshots	UNKNOWN STEP	2026-03-22T14:44:50.7925273Z [1m[92m   Compiling[0m link-calculator v0.8.2 (/home/runner/work/calculator/calculator)
Update Screenshots	UNKNOWN STEP	2026-03-22T14:44:51.4151052Z [1m[91merror[E0308][0m[1m: mismatched types[0m
Update Screenshots	UNKNOWN STEP	2026-03-22T14:44:51.4151763Z   [1m[94m--> [0msrc/grammar/number_grammar.rs:94:23
Update Screenshots	UNKNOWN STEP	2026-03-22T14:44:51.4152252Z    [1m[94m|[0m
Update Screenshots	UNKNOWN STEP	2026-03-22T14:44:51.4157475Z [1m[94m94[0m [1m[94m|[0m             return Ok(Unit::Duration(dur));
Update Screenshots	UNKNOWN STEP	2026-03-22T14:44:51.4158689Z    [1m[94m|[0m                    [1m[94m--[0m [1m[91m^^^^^^^^^^^^^^^^^^^[0m [1m[91mexpected `(Unit, Vec<Unit>)`, found `Unit`[0m
Update Screenshots	UNKNOWN STEP	2026-03-22T14:44:51.4159225Z    [1m[94m|[0m                    [1m[94m|[0m
Update Screenshots	UNKNOWN STEP	2026-03-22T14:44:51.4159667Z    [1m[94m|[0m                    [1m[94marguments to this enum variant are incorrect[0m
Update Screenshots	UNKNOWN STEP	2026-03-22T14:44:51.4160044Z    [1m[94m|[0m
Update Screenshots	UNKNOWN STEP	2026-03-22T14:44:51.4160578Z    [1m[94m= [0m[1mnote[0m: expected tuple `[1m[35m(unit::Unit, Vec<unit::Unit>)[0m`
Update Screenshots	UNKNOWN STEP	2026-03-22T14:44:51.4161065Z                found enum `[1m[35munit::Unit[0m`
Update Screenshots	UNKNOWN STEP	2026-03-22T14:44:51.4161941Z [1m[96mhelp[0m: the type constructed contains `unit::Unit` due to the type of the argument passed
Update Screenshots	UNKNOWN STEP	2026-03-22T14:44:51.4162490Z   [1m[94m--> [0msrc/grammar/number_grammar.rs:94:20
Update Screenshots	UNKNOWN STEP	2026-03-22T14:44:51.4162789Z    [1m[94m|[0m
Update Screenshots	UNKNOWN STEP	2026-03-22T14:44:51.4163139Z [1m[94m94[0m [1m[94m|[0m             return Ok(Unit::Duration(dur));
Update Screenshots	UNKNOWN STEP	2026-03-22T14:44:51.4163628Z    [1m[94m|[0m                    [1m[96m^^^[0m[1m[94m-------------------[0m[1m[96m^[0m
Update Screenshots	UNKNOWN STEP	2026-03-22T14:44:51.4164046Z    [1m[94m|[0m                       [1m[94m|[0m
Update Screenshots	UNKNOWN STEP	2026-03-22T14:44:51.4164468Z    [1m[94m|[0m                       [1m[94mthis argument influences the type of `Ok`[0m
Update Screenshots	UNKNOWN STEP	2026-03-22T14:44:51.4164887Z [1m[92mnote[0m: tuple variant defined here
Update Screenshots	UNKNOWN STEP	2026-03-22T14:44:51.4165427Z   [1m[94m--> [0m/rustc/4a4ef493e3a1488c6e321570238084b38948f6db/library/core/src/result.rs:561:4
Update Screenshots	UNKNOWN STEP	2026-03-22T14:44:51.4165803Z 
Update Screenshots	UNKNOWN STEP	2026-03-22T14:44:52.1040782Z [1mFor more information about this error, try `rustc --explain E0308`.[0m
Update Screenshots	UNKNOWN STEP	2026-03-22T14:44:52.1108739Z [1m[91merror[0m: could not compile `link-calculator` (lib) due to 1 previous error
Update Screenshots	UNKNOWN STEP	2026-03-22T14:44:52.1229008Z Error: Compiling your crate to WebAssembly failed
Update Screenshots	UNKNOWN STEP	2026-03-22T14:44:52.1229638Z Caused by: Compiling your crate to WebAssembly failed
Update Screenshots	UNKNOWN STEP	2026-03-22T14:44:52.1230319Z Caused by: failed to execute `cargo build`: exited with exit status: 101
Update Screenshots	UNKNOWN STEP	2026-03-22T14:44:52.1231509Z   full command: cd "/home/runner/work/calculator/calculator" && "cargo" "build" "--lib" "--release" "--target" "wasm32-unknown-unknown"
Update Screenshots	UNKNOWN STEP	2026-03-22T14:44:52.1245649Z ##[error]Process completed with exit code 1.
Update Screenshots	UNKNOWN STEP	2026-03-22T14:44:52.1389495Z Post job cleanup.
Update Screenshots	UNKNOWN STEP	2026-03-22T14:44:52.2353368Z [command]/usr/bin/git version
Update Screenshots	UNKNOWN STEP	2026-03-22T14:44:52.2390959Z git version 2.53.0
Update Screenshots	UNKNOWN STEP	2026-03-22T14:44:52.2435710Z Temporarily overriding HOME='/home/runner/work/_temp/372d8ca9-10be-4980-a533-2860af108302' before making global git config changes
Update Screenshots	UNKNOWN STEP	2026-03-22T14:44:52.2437056Z Adding repository directory to the temporary git global config as a safe directory
Update Screenshots	UNKNOWN STEP	2026-03-22T14:44:52.2450011Z [command]/usr/bin/git config --global --add safe.directory /home/runner/work/calculator/calculator
Update Screenshots	UNKNOWN STEP	2026-03-22T14:44:52.2486440Z [command]/usr/bin/git config --local --name-only --get-regexp core\.sshCommand
Update Screenshots	UNKNOWN STEP	2026-03-22T14:44:52.2521659Z [command]/usr/bin/git submodule foreach --recursive sh -c "git config --local --name-only --get-regexp 'core\.sshCommand' && git config --local --unset-all 'core.sshCommand' || :"
Update Screenshots	UNKNOWN STEP	2026-03-22T14:44:52.2773373Z [command]/usr/bin/git config --local --name-only --get-regexp http\.https\:\/\/github\.com\/\.extraheader
Update Screenshots	UNKNOWN STEP	2026-03-22T14:44:52.2795107Z http.https://github.com/.extraheader
Update Screenshots	UNKNOWN STEP	2026-03-22T14:44:52.2808166Z [command]/usr/bin/git config --local --unset-all http.https://github.com/.extraheader
Update Screenshots	UNKNOWN STEP	2026-03-22T14:44:52.2839882Z [command]/usr/bin/git submodule foreach --recursive sh -c "git config --local --name-only --get-regexp 'http\.https\:\/\/github\.com\/\.extraheader' && git config --local --unset-all 'http.https://github.com/.extraheader' || :"
Update Screenshots	UNKNOWN STEP	2026-03-22T14:44:52.3075386Z [command]/usr/bin/git config --local --name-only --get-regexp ^includeIf\.gitdir:
Update Screenshots	UNKNOWN STEP	2026-03-22T14:44:52.3107523Z [command]/usr/bin/git submodule foreach --recursive git config --local --show-origin --name-only --get-regexp remote.origin.url
Update Screenshots	UNKNOWN STEP	2026-03-22T14:44:52.3454213Z Cleaning up orphan processes
Update Screenshots	UNKNOWN STEP	2026-03-22T14:44:52.3751486Z ##[warning]Node.js 20 actions are deprecated. The following actions are running on Node.js 20 and may not work as expected: actions/checkout@v4. Actions will be forced to run with Node.js 24 by default starting June 2nd, 2026. Please check if updated versions of these actions are available that support Node.js 24. To opt into Node.js 24 now, set the FORCE_JAVASCRIPT_ACTIONS_TO_NODE24=true environment variable on the runner or in your workflow file. Once Node.js 24 becomes the default, you can temporarily opt out by setting ACTIONS_ALLOW_USE_UNSECURE_NODE_VERSION=true. For more information see: https://github.blog/changelog/2025-09-19-deprecation-of-node-20-on-github-actions-runners/
